2024-02-07 11:40:15,011 - QTvcp - INFO - Logging to "/usr/share/qtvcp/screens/qtdragon/sim.qtvcp_screens.qtdragon/qtdragon.log"
2024-02-07 11:40:15,441 - QTvcp - INFO - Base log level set to 20
2024-02-07 11:40:15,442 - QtDesigner.QTVCP.QT_PSTAT - DEBUG - BASENAME qtdragon
2024-02-07 11:40:15,443 - QtDesigner.QTVCP.QT_PSTAT - DEBUG - Checking for handler file in: None Found
2024-02-07 11:40:15,444 - QtDesigner.QTVCP.QT_PSTAT - DEBUG - Checking for default handler file in: /usr/share/qtvcp/screens/qtdragon/qtdragon_handler.py
2024-02-07 11:40:15,444 - QtDesigner.QTVCP.QT_PSTAT - INFO - Using DEFAULT handler file path: /usr/share/qtvcp/screens/qtdragon/qtdragon_handler.py
2024-02-07 11:40:15,446 - QtDesigner.QTVCP.QT_PSTAT - DEBUG - Checking for .ui in: None Found
2024-02-07 11:40:15,446 - QtDesigner.QTVCP.QT_PSTAT - DEBUG - Checking for .ui in: /usr/share/qtvcp/screens/qtdragon/qtdragon.ui
2024-02-07 11:40:15,447 - QtDesigner.QTVCP.QT_PSTAT - INFO - Using DEFAULT ui file from /usr/share/qtvcp/screens/qtdragon/qtdragon.ui
2024-02-07 11:40:15,448 - QtDesigner.QTVCP.QT_PSTAT - DEBUG - Checking for .qss in: None Found
2024-02-07 11:40:15,450 - QtDesigner.QTVCP.QT_PSTAT - DEBUG - Checking for .qss in: /usr/share/qtvcp/screens/qtdragon/qtdragon.qss
2024-02-07 11:40:15,451 - QtDesigner.QTVCP.QT_PSTAT - INFO - Using DEFAULT qss file from /usr/share/qtvcp/screens/qtdragon/qtdragon.qss
2024-02-07 11:40:15,453 - QtDesigner.QTVCP.QT_PSTAT - DEBUG - Checking for .qrc in: None Found
2024-02-07 11:40:15,453 - QtDesigner.QTVCP.QT_PSTAT - DEBUG - Checking for .qrc in: /usr/share/qtvcp/screens/qtdragon/qtdragon.qrc
2024-02-07 11:40:15,454 - QtDesigner.QTVCP.QT_PSTAT - INFO - Using DEFAULT qrc file from /usr/share/qtvcp/screens/qtdragon/qtdragon.qrc
2024-02-07 11:40:15,459 - QtDesigner.QTVCP.QT_PSTAT - DEBUG - Checking for resources.py in: /usr/share/qtvcp/screens/qtdragon/sim.qtvcp_screens.qtdragon/resources.py
2024-02-07 11:40:15,459 - QtDesigner.QTVCP.QT_PSTAT - DEBUG - Checking for resources.py in: /usr/share/qtvcp/screens/qtdragon/resources.py
2024-02-07 11:40:15,460 - QtDesigner.QTVCP.QT_PSTAT - INFO - Using DEFAULT resources.py file from /usr/share/qtvcp/screens/qtdragon/resources.py
2024-02-07 11:40:15,460 - QTvcp - INFO - Building A Linuxcnc Main Screen
2024-02-07 11:40:15,495 - QTvcp - INFO - No handler file specified on command line
2024-02-07 11:40:15,495 - QTvcp - INFO - No HAL component base name specified on command line using: qtdragon
2024-02-07 11:40:15,837 - QTvcp.QTVCP.QT_MAKEGUI - INFO - Imported resources.py filed: /usr/share/qtvcp/screens/qtdragon/resources.py
2024-02-07 11:40:22,192 - QtDesigner.QTVCP.QT_TSTAT - DEBUG - Toolfile does not exist' None
2024-02-07 11:40:22,196 - QtDesigner.QTVCP.QT_TSTAT - DEBUG - Toolfile does not exist' None
2024-02-07 11:40:22,197 - QTvcp.QTVCP.QT_MAKEGUI - ERROR - QSS Filepath Error: As Loaded
2024-02-07 11:40:22,197 - QTvcp.QTVCP.QT_MAKEGUI - ERROR - As Loaded theme not available
2024-02-07 11:40:22,198 - QTvcp.QTVCP.QT_MAKEGUI - ERROR - QTvcp Available system themes: fusion , Windows, Fusion
2024-02-07 11:40:22,768 - QTvcp - INFO - postgui filename: qtdragon_postgui.hal
2024-02-07 11:40:22,830 - QTvcp - INFO - Preference path: /usr/share/qtvcp/screens/qtdragon/sim.qtvcp_screens.qtdragon/qtdragon.pref
2024-02-07 11:40:44,675 - QtDesigner.QTVCP.QT_ACTION - DEBUG - Load program /home/rexroth/linuxcnc/nc_files/examples/000 ngc/program_not_od.ngc
2024-02-07 11:48:51,250 - QTvcp.QTVCP.WIDGETS.ACTION_BUTTON - ERROR - No action recognised
2024-02-07 11:52:12,900 - QtDesigner.QTVCP.QT_ACTION - DEBUG - Load program /home/rexroth/linuxcnc/nc_files/examples/000 ngc/program_not_od.ngc
2024-02-07 11:52:14,248 - QtDesigner.QTVCP.QT_ACTION - DEBUG - Load program /home/rexroth/linuxcnc/nc_files/examples/000 ngc/program_not_od.ngc
2024-02-07 11:52:14,824 - QtDesigner.QTVCP.QT_ACTION - DEBUG - Load program /home/rexroth/linuxcnc/nc_files/examples/000 ngc/program_not_od.ngc
2024-02-07 11:52:26,185 - QTvcp.QTVCP.WIDGETS.ACTION_BUTTON - ERROR - No action recognised
2024-02-07 11:52:26,682 - QTvcp.QTVCP.WIDGETS.ACTION_BUTTON - ERROR - No action recognised
2024-02-07 11:52:26,985 - QTvcp.QTVCP.WIDGETS.ACTION_BUTTON - ERROR - No action recognised
2024-02-07 11:52:38,235 - QtDesigner.QTVCP.QT_ACTION - DEBUG - Load program /home/rexroth/linuxcnc/nc_files/examples/000 ngc/program_not_od.ngc
2024-02-07 11:57:29,842 - QtDesigner.QTVCP.QT_ACTION - DEBUG - Load program /home/rexroth/linuxcnc/nc_files/examples/000 ngc/program_not_od.ngc
2024-02-07 11:57:37,506 - QTvcp.QTVCP.WIDGETS.ACTION_BUTTON - ERROR - No action recognised
2024-02-07 11:57:41,033 - QTvcp.QTVCP.WIDGETS.ACTION_BUTTON - ERROR - No action recognised
2024-02-07 11:57:44,008 - QTvcp.QTVCP.WIDGETS.ACTION_BUTTON - ERROR - No action recognised
2024-02-07 11:57:45,595 - QTvcp.QTVCP.WIDGETS.ACTION_BUTTON - ERROR - No action recognised
2024-02-07 12:09:34,745 - QtDesigner.QTVCP.QT_ACTION - DEBUG - Load program /home/rexroth/linuxcnc/nc_files/examples/000 ngc/program_not_od.ngc
2024-02-07 12:11:23,000 - QTvcp.QTVCP.WIDGETS.ACTION_BUTTON - ERROR - No action recognised
2024-02-07 12:11:23,312 - QTvcp.QTVCP.WIDGETS.ACTION_BUTTON - ERROR - No action recognised
2024-02-07 12:11:48,771 - QTvcp.QTVCP.WIDGETS.ACTION_BUTTON - ERROR - No action recognised
2024-02-07 12:12:02,602 - QTvcp.QTVCP.WIDGETS.ACTION_BUTTON - ERROR - No action recognised
2024-02-07 12:12:02,978 - QTvcp.QTVCP.WIDGETS.ACTION_BUTTON - ERROR - No action recognised
2024-02-07 12:12:03,297 - QTvcp.QTVCP.WIDGETS.ACTION_BUTTON - ERROR - No action recognised
2024-02-07 12:21:43,235 - QTvcp.QTVCP.WIDGETS.ACTION_BUTTON - ERROR - No action recognised
2024-02-07 12:21:44,112 - QTvcp.QTVCP.WIDGETS.ACTION_BUTTON - ERROR - No action recognised
2024-02-07 12:21:44,968 - QTvcp.QTVCP.WIDGETS.ACTION_BUTTON - ERROR - No action recognised
2024-02-07 12:25:14,919 - QTvcp.QTVCP.WIDGETS.ACTION_BUTTON - ERROR - No action recognised
2024-02-07 12:25:15,303 - QTvcp.QTVCP.WIDGETS.ACTION_BUTTON - ERROR - No action recognised
2024-02-07 12:25:15,627 - QTvcp.QTVCP.WIDGETS.ACTION_BUTTON - ERROR - No action recognised
2024-02-07 12:25:38,228 - QTvcp.QTVCP.WIDGETS.ACTION_BUTTON - ERROR - No action recognised
2024-02-07 12:39:34,465 - QTvcp.QTVCP.WIDGETS.ACTION_BUTTON - ERROR - No action recognised
2024-02-07 12:39:38,082 - QTvcp.QTVCP.WIDGETS.ACTION_BUTTON - ERROR - No action recognised
2024-02-07 12:39:41,294 - QTvcp.QTVCP.WIDGETS.ACTION_BUTTON - ERROR - No action recognised
2024-02-07 12:39:42,026 - QTvcp.QTVCP.WIDGETS.ACTION_BUTTON - ERROR - No action recognised
2024-02-07 12:39:46,567 - QTvcp.QTVCP.WIDGETS.ACTION_BUTTON - ERROR - No action recognised
2024-02-07 12:39:46,833 - QTvcp.QTVCP.WIDGETS.ACTION_BUTTON - ERROR - No action recognised
2024-02-07 12:39:47,045 - QTvcp.QTVCP.WIDGETS.ACTION_BUTTON - ERROR - No action recognised
2024-02-07 12:39:47,257 - QTvcp.QTVCP.WIDGETS.ACTION_BUTTON - ERROR - No action recognised
2024-02-07 12:39:47,467 - QTvcp.QTVCP.WIDGETS.ACTION_BUTTON - ERROR - No action recognised
2024-02-07 12:39:47,679 - QTvcp.QTVCP.WIDGETS.ACTION_BUTTON - ERROR - No action recognised
2024-02-07 12:39:47,886 - QTvcp.QTVCP.WIDGETS.ACTION_BUTTON - ERROR - No action recognised
2024-02-07 12:39:48,098 - QTvcp.QTVCP.WIDGETS.ACTION_BUTTON - ERROR - No action recognised
2024-02-07 12:39:48,313 - QTvcp.QTVCP.WIDGETS.ACTION_BUTTON - ERROR - No action recognised
2024-02-07 12:39:48,525 - QTvcp.QTVCP.WIDGETS.ACTION_BUTTON - ERROR - No action recognised
2024-02-07 12:39:48,734 - QTvcp.QTVCP.WIDGETS.ACTION_BUTTON - ERROR - No action recognised
2024-02-07 12:39:48,950 - QTvcp.QTVCP.WIDGETS.ACTION_BUTTON - ERROR - No action recognised
2024-02-07 12:39:55,017 - QTvcp.QTVCP.WIDGETS.ACTION_BUTTON - ERROR - No action recognised
2024-02-07 12:39:56,407 - QTvcp.QTVCP.WIDGETS.ACTION_BUTTON - ERROR - No action recognised
2024-02-07 12:40:02,233 - QTvcp.QTVCP.WIDGETS.ACTION_BUTTON - ERROR - No action recognised
2024-02-07 12:40:02,497 - QTvcp.QTVCP.WIDGETS.ACTION_BUTTON - ERROR - No action recognised
2024-02-07 12:40:02,718 - QTvcp.QTVCP.WIDGETS.ACTION_BUTTON - ERROR - No action recognised
2024-02-07 12:40:02,932 - QTvcp.QTVCP.WIDGETS.ACTION_BUTTON - ERROR - No action recognised
2024-02-07 12:40:03,145 - QTvcp.QTVCP.WIDGETS.ACTION_BUTTON - ERROR - No action recognised
2024-02-07 12:40:03,360 - QTvcp.QTVCP.WIDGETS.ACTION_BUTTON - ERROR - No action recognised
2024-02-07 12:40:03,574 - QTvcp.QTVCP.WIDGETS.ACTION_BUTTON - ERROR - No action recognised
2024-02-07 12:40:03,789 - QTvcp.QTVCP.WIDGETS.ACTION_BUTTON - ERROR - No action recognised
2024-02-07 12:40:04,002 - QTvcp.QTVCP.WIDGETS.ACTION_BUTTON - ERROR - No action recognised
2024-02-07 12:40:04,216 - QTvcp.QTVCP.WIDGETS.ACTION_BUTTON - ERROR - No action recognised
2024-02-07 12:40:04,428 - QTvcp.QTVCP.WIDGETS.ACTION_BUTTON - ERROR - No action recognised
2024-02-07 12:40:04,643 - QTvcp.QTVCP.WIDGETS.ACTION_BUTTON - ERROR - No action recognised
2024-02-07 12:40:04,861 - QTvcp.QTVCP.WIDGETS.ACTION_BUTTON - ERROR - No action recognised
2024-02-07 12:40:10,924 - QTvcp.QTVCP.WIDGETS.ACTION_BUTTON - ERROR - No action recognised
2024-02-07 12:40:11,184 - QTvcp.QTVCP.WIDGETS.ACTION_BUTTON - ERROR - No action recognised
2024-02-07 12:40:11,394 - QTvcp.QTVCP.WIDGETS.ACTION_BUTTON - ERROR - No action recognised
2024-02-07 12:40:11,607 - QTvcp.QTVCP.WIDGETS.ACTION_BUTTON - ERROR - No action recognised
2024-02-07 12:40:11,818 - QTvcp.QTVCP.WIDGETS.ACTION_BUTTON - ERROR - No action recognised
2024-02-07 12:40:12,031 - QTvcp.QTVCP.WIDGETS.ACTION_BUTTON - ERROR - No action recognised
2024-02-07 12:40:12,242 - QTvcp.QTVCP.WIDGETS.ACTION_BUTTON - ERROR - No action recognised
2024-02-07 12:40:12,456 - QTvcp.QTVCP.WIDGETS.ACTION_BUTTON - ERROR - No action recognised
2024-02-07 12:40:12,668 - QTvcp.QTVCP.WIDGETS.ACTION_BUTTON - ERROR - No action recognised
2024-02-07 12:40:14,162 - QTvcp.QTVCP.WIDGETS.ACTION_BUTTON - ERROR - No action recognised
2024-02-07 12:40:14,428 - QTvcp.QTVCP.WIDGETS.ACTION_BUTTON - ERROR - No action recognised
2024-02-07 12:40:14,641 - QTvcp.QTVCP.WIDGETS.ACTION_BUTTON - ERROR - No action recognised
2024-02-07 12:40:14,854 - QTvcp.QTVCP.WIDGETS.ACTION_BUTTON - ERROR - No action recognised
2024-02-07 12:40:15,068 - QTvcp.QTVCP.WIDGETS.ACTION_BUTTON - ERROR - No action recognised
2024-02-07 12:40:15,280 - QTvcp.QTVCP.WIDGETS.ACTION_BUTTON - ERROR - No action recognised
2024-02-07 12:40:15,496 - QTvcp.QTVCP.WIDGETS.ACTION_BUTTON - ERROR - No action recognised
2024-02-07 12:40:15,709 - QTvcp.QTVCP.WIDGETS.ACTION_BUTTON - ERROR - No action recognised
2024-02-07 12:40:15,930 - QTvcp.QTVCP.WIDGETS.ACTION_BUTTON - ERROR - No action recognised
2024-02-07 12:40:16,153 - QTvcp.QTVCP.WIDGETS.ACTION_BUTTON - ERROR - No action recognised
2024-02-07 12:40:16,366 - QTvcp.QTVCP.WIDGETS.ACTION_BUTTON - ERROR - No action recognised
2024-02-07 12:40:20,018 - QTvcp.QTVCP.WIDGETS.ACTION_BUTTON - ERROR - No action recognised
2024-02-07 12:40:21,680 - QTvcp.QTVCP.WIDGETS.ACTION_BUTTON - ERROR - No action recognised
2024-02-07 12:40:22,171 - QTvcp.QTVCP.WIDGETS.ACTION_BUTTON - ERROR - No action recognised
2024-02-07 12:40:22,442 - QTvcp.QTVCP.WIDGETS.ACTION_BUTTON - ERROR - No action recognised
2024-02-07 12:40:24,203 - QTvcp.QTVCP.WIDGETS.ACTION_BUTTON - ERROR - No action recognised
2024-02-07 12:40:24,800 - QTvcp.QTVCP.WIDGETS.ACTION_BUTTON - ERROR - No action recognised
